c:\dev\srqengine\srqengine\srqengine\x64\debug\vc142.pdb
c:\dev\srqengine\srqengine\srqengine\x64\debug\vc142.idb
c:\dev\srqengine\srqengine\srqengine\x64\debug\glad.obj
c:\dev\srqengine\srqengine\srqengine\x64\debug\main.obj
c:\dev\srqengine\srqengine\srqengine\x64\debug\scene.obj
c:\dev\srqengine\srqengine\srqengine\x64\debug\renderer.obj
c:\dev\srqengine\srqengine\srqengine\x64\debug\signature.obj
c:\dev\srqengine\srqengine\srqengine\x64\debug\renderable.obj
c:\dev\srqengine\srqengine\srqengine\x64\debug\entity.obj
c:\dev\srqengine\srqengine\srqengine\x64\debug\shader.obj
c:\dev\srqengine\srqengine\srqengine\x64\debug\indexbuffer.obj
c:\dev\srqengine\srqengine\srqengine\x64\debug\vertexbuffer.obj
c:\dev\srqengine\srqengine\srqengine\x64\debug\stb_image.obj
c:\dev\srqengine\srqengine\srqengine\x64\debug\texture.obj
c:\dev\srqengine\srqengine\srqengine\x64\debug\entry.obj
c:\dev\srqengine\srqengine\srqengine\x64\debug\buffer.obj
c:\dev\srqengine\srqengine\srqengine\x64\debug\vertexarray.obj
c:\dev\srqengine\srqengine\srqengine\x64\debug\camera.obj
c:\dev\srqengine\srqengine\srqengine\x64\debug\model.obj
c:\dev\srqengine\srqengine\srqengine\x64\debug\skybox.obj
c:\dev\srqengine\srqengine\srqengine\x64\debug\collision.obj
c:\dev\srqengine\srqengine\x64\debug\srqengine.exe
c:\dev\srqengine\srqengine\x64\debug\srqengine.ilk
c:\dev\srqengine\srqengine\x64\debug\srqengine.pdb
c:\dev\srqengine\srqengine\srqengine\x64\debug\srqengine.tlog\cl.command.1.tlog
c:\dev\srqengine\srqengine\srqengine\x64\debug\srqengine.tlog\cl.read.1.tlog
c:\dev\srqengine\srqengine\srqengine\x64\debug\srqengine.tlog\cl.write.1.tlog
c:\dev\srqengine\srqengine\srqengine\x64\debug\srqengine.tlog\link.command.1.tlog
c:\dev\srqengine\srqengine\srqengine\x64\debug\srqengine.tlog\link.read.1.tlog
c:\dev\srqengine\srqengine\srqengine\x64\debug\srqengine.tlog\link.write.1.tlog
